[2025-01-03T12:06:55.171+0000] {manager.py:486} INFO - Processing files using up to 2 processes at a time 
[2025-01-03T12:06:55.171+0000] {manager.py:487} INFO - Process each file at most once every 30 seconds
[2025-01-03T12:06:55.171+0000] {manager.py:488} INFO - Checking for new files in /opt/airflow/dags every 300 seconds
[2025-01-03T12:06:55.172+0000] {manager.py:832} INFO - Searching for files in /opt/airflow/dags
[2025-01-03T12:06:55.173+0000] {manager.py:835} INFO - There are 0 files in /opt/airflow/dags
[2025-01-03T12:11:55.444+0000] {manager.py:832} INFO - Searching for files in /opt/airflow/dags
[2025-01-03T12:11:55.450+0000] {manager.py:835} INFO - There are 0 files in /opt/airflow/dags
[2025-01-03T12:26:49.643+0000] {manager.py:486} INFO - Processing files using up to 2 processes at a time 
[2025-01-03T12:26:49.645+0000] {manager.py:487} INFO - Process each file at most once every 30 seconds
[2025-01-03T12:26:49.647+0000] {manager.py:488} INFO - Checking for new files in /opt/airflow/dags every 300 seconds
[2025-01-03T12:26:49.648+0000] {manager.py:832} INFO - Searching for files in /opt/airflow/dags
[2025-01-03T12:26:49.651+0000] {manager.py:835} INFO - There are 1 files in /opt/airflow/dags
[2025-01-03T12:26:49.739+0000] {manager.py:1008} INFO - 
================================================================================
DAG File Processing Stats

File Path                   PID  Runtime      # DAGs    # Errors  Last Runtime    Last Run      Last # of DB Queries
------------------------  -----  ---------  --------  ----------  --------------  ----------  ----------------------
/opt/airflow/dags/etl.py     67  0.02s             0           0                                                   0
================================================================================
[2025-01-03T12:27:19.938+0000] {manager.py:1008} INFO - 
================================================================================
DAG File Processing Stats

File Path                 PID    Runtime      # DAGs    # Errors  Last Runtime    Last Run               Last # of DB Queries
------------------------  -----  ---------  --------  ----------  --------------  -------------------  ----------------------
/opt/airflow/dags/etl.py                           1           0  0.28s           2025-01-03T12:26:49                      45
================================================================================
[2025-01-03T12:27:50.546+0000] {manager.py:1008} INFO - 
================================================================================
DAG File Processing Stats

File Path                   PID  Runtime      # DAGs    # Errors  Last Runtime    Last Run               Last # of DB Queries
------------------------  -----  ---------  --------  ----------  --------------  -------------------  ----------------------
/opt/airflow/dags/etl.py     81  0.01s             1           0  0.08s           2025-01-03T12:27:20                      12
================================================================================
[2025-01-03T12:28:20.929+0000] {manager.py:1008} INFO - 
================================================================================
DAG File Processing Stats

File Path                   PID  Runtime      # DAGs    # Errors  Last Runtime    Last Run               Last # of DB Queries
------------------------  -----  ---------  --------  ----------  --------------  -------------------  ----------------------
/opt/airflow/dags/etl.py     88  0.02s             1           0  0.11s           2025-01-03T12:27:50                      12
================================================================================
[2025-01-03T12:28:34.651+0000] {manager.py:468} INFO - Exiting gracefully upon receiving signal 15
[2025-01-03T12:30:46.992+0000] {manager.py:486} INFO - Processing files using up to 2 processes at a time 
[2025-01-03T12:30:46.992+0000] {manager.py:487} INFO - Process each file at most once every 30 seconds
[2025-01-03T12:30:46.993+0000] {manager.py:488} INFO - Checking for new files in /opt/airflow/dags every 300 seconds
[2025-01-03T12:30:46.993+0000] {manager.py:832} INFO - Searching for files in /opt/airflow/dags
[2025-01-03T12:30:47.009+0000] {manager.py:835} INFO - There are 1 files in /opt/airflow/dags
[2025-01-03T12:30:47.101+0000] {manager.py:1008} INFO - 
================================================================================
DAG File Processing Stats

File Path                   PID  Runtime      # DAGs    # Errors  Last Runtime    Last Run      Last # of DB Queries
------------------------  -----  ---------  --------  ----------  --------------  ----------  ----------------------
/opt/airflow/dags/etl.py     68  0.02s             0           0                                                   0
================================================================================
[2025-01-03T12:31:17.335+0000] {manager.py:1008} INFO - 
================================================================================
DAG File Processing Stats

File Path                 PID    Runtime      # DAGs    # Errors  Last Runtime    Last Run               Last # of DB Queries
------------------------  -----  ---------  --------  ----------  --------------  -------------------  ----------------------
/opt/airflow/dags/etl.py                           1           0  0.30s           2025-01-03T12:30:47                      45
================================================================================
[2025-01-03T12:31:47.967+0000] {manager.py:1008} INFO - 
================================================================================
DAG File Processing Stats

File Path                 PID    Runtime      # DAGs    # Errors  Last Runtime    Last Run               Last # of DB Queries
------------------------  -----  ---------  --------  ----------  --------------  -------------------  ----------------------
/opt/airflow/dags/etl.py                           1           0  0.09s           2025-01-03T12:31:39                      12
================================================================================
[2025-01-03T12:32:18.413+0000] {manager.py:1008} INFO - 
================================================================================
DAG File Processing Stats

File Path                 PID    Runtime      # DAGs    # Errors  Last Runtime    Last Run               Last # of DB Queries
------------------------  -----  ---------  --------  ----------  --------------  -------------------  ----------------------
/opt/airflow/dags/etl.py                           1           0  0.06s           2025-01-03T12:32:11                      12
================================================================================
[2025-01-03T12:32:48.797+0000] {manager.py:1008} INFO - 
================================================================================
DAG File Processing Stats

File Path                 PID    Runtime      # DAGs    # Errors  Last Runtime    Last Run               Last # of DB Queries
------------------------  -----  ---------  --------  ----------  --------------  -------------------  ----------------------
/opt/airflow/dags/etl.py                           1           0  0.08s           2025-01-03T12:32:24                      12
================================================================================
[2025-01-03T12:33:19.182+0000] {manager.py:1008} INFO - 
================================================================================
DAG File Processing Stats

File Path                 PID    Runtime      # DAGs    # Errors  Last Runtime    Last Run               Last # of DB Queries
------------------------  -----  ---------  --------  ----------  --------------  -------------------  ----------------------
/opt/airflow/dags/etl.py                           1           0  0.08s           2025-01-03T12:33:10                      12
================================================================================
[2025-01-03T12:33:49.485+0000] {manager.py:1008} INFO - 
================================================================================
DAG File Processing Stats

File Path                 PID    Runtime      # DAGs    # Errors  Last Runtime    Last Run               Last # of DB Queries
------------------------  -----  ---------  --------  ----------  --------------  -------------------  ----------------------
/opt/airflow/dags/etl.py                           1           0  0.13s           2025-01-03T12:33:40                      12
================================================================================
[2025-01-03T12:34:19.760+0000] {manager.py:1008} INFO - 
================================================================================
DAG File Processing Stats

File Path                 PID    Runtime      # DAGs    # Errors  Last Runtime    Last Run               Last # of DB Queries
------------------------  -----  ---------  --------  ----------  --------------  -------------------  ----------------------
/opt/airflow/dags/etl.py                           1           0  0.09s           2025-01-03T12:34:10                      12
================================================================================
[2025-01-03T12:34:50.040+0000] {manager.py:1008} INFO - 
================================================================================
DAG File Processing Stats

File Path                 PID    Runtime      # DAGs    # Errors  Last Runtime    Last Run               Last # of DB Queries
------------------------  -----  ---------  --------  ----------  --------------  -------------------  ----------------------
/opt/airflow/dags/etl.py                           1           0  0.08s           2025-01-03T12:34:41                      12
================================================================================
[2025-01-03T12:35:20.299+0000] {manager.py:1008} INFO - 
================================================================================
DAG File Processing Stats

File Path                 PID    Runtime      # DAGs    # Errors  Last Runtime    Last Run               Last # of DB Queries
------------------------  -----  ---------  --------  ----------  --------------  -------------------  ----------------------
/opt/airflow/dags/etl.py                           1           0  0.08s           2025-01-03T12:35:11                      12
================================================================================
[2025-01-03T12:35:47.535+0000] {manager.py:832} INFO - Searching for files in /opt/airflow/dags
[2025-01-03T12:35:47.541+0000] {manager.py:835} INFO - There are 1 files in /opt/airflow/dags
[2025-01-03T12:35:50.596+0000] {manager.py:1008} INFO - 
================================================================================
DAG File Processing Stats

File Path                 PID    Runtime      # DAGs    # Errors  Last Runtime    Last Run               Last # of DB Queries
------------------------  -----  ---------  --------  ----------  --------------  -------------------  ----------------------
/opt/airflow/dags/etl.py                           1           0  0.34s           2025-01-03T12:35:32                      34
================================================================================
[2025-01-03T12:36:21.207+0000] {manager.py:1008} INFO - 
================================================================================
DAG File Processing Stats

File Path                 PID    Runtime      # DAGs    # Errors  Last Runtime    Last Run               Last # of DB Queries
------------------------  -----  ---------  --------  ----------  --------------  -------------------  ----------------------
/opt/airflow/dags/etl.py                           1           0  0.23s           2025-01-03T12:36:03                      12
================================================================================
[2025-01-03T12:36:51.628+0000] {manager.py:1008} INFO - 
================================================================================
DAG File Processing Stats

File Path                 PID    Runtime      # DAGs    # Errors  Last Runtime    Last Run               Last # of DB Queries
------------------------  -----  ---------  --------  ----------  --------------  -------------------  ----------------------
/opt/airflow/dags/etl.py                           1           0  0.24s           2025-01-03T12:36:33                      12
================================================================================
[2025-01-03T12:37:21.965+0000] {manager.py:1008} INFO - 
================================================================================
DAG File Processing Stats

File Path                 PID    Runtime      # DAGs    # Errors  Last Runtime    Last Run               Last # of DB Queries
------------------------  -----  ---------  --------  ----------  --------------  -------------------  ----------------------
/opt/airflow/dags/etl.py                           1           0  0.14s           2025-01-03T12:37:03                      12
================================================================================
[2025-01-03T12:37:52.310+0000] {manager.py:1008} INFO - 
================================================================================
DAG File Processing Stats

File Path                 PID    Runtime      # DAGs    # Errors  Last Runtime    Last Run               Last # of DB Queries
------------------------  -----  ---------  --------  ----------  --------------  -------------------  ----------------------
/opt/airflow/dags/etl.py                           1           0  0.12s           2025-01-03T12:37:34                      12
================================================================================
[2025-01-03T12:38:22.635+0000] {manager.py:1008} INFO - 
================================================================================
DAG File Processing Stats

File Path                 PID    Runtime      # DAGs    # Errors  Last Runtime    Last Run               Last # of DB Queries
------------------------  -----  ---------  --------  ----------  --------------  -------------------  ----------------------
/opt/airflow/dags/etl.py                           1           0  0.07s           2025-01-03T12:38:04                      12
================================================================================
[2025-01-03T12:38:52.954+0000] {manager.py:1008} INFO - 
================================================================================
DAG File Processing Stats

File Path                 PID    Runtime      # DAGs    # Errors  Last Runtime    Last Run               Last # of DB Queries
------------------------  -----  ---------  --------  ----------  --------------  -------------------  ----------------------
/opt/airflow/dags/etl.py                           1           0  0.29s           2025-01-03T12:38:35                      12
================================================================================
[2025-01-03T12:39:23.507+0000] {manager.py:1008} INFO - 
================================================================================
DAG File Processing Stats

File Path                 PID    Runtime      # DAGs    # Errors  Last Runtime    Last Run               Last # of DB Queries
------------------------  -----  ---------  --------  ----------  --------------  -------------------  ----------------------
/opt/airflow/dags/etl.py                           1           0  0.19s           2025-01-03T12:39:05                      12
================================================================================
[2025-01-03T12:39:53.934+0000] {manager.py:1008} INFO - 
================================================================================
DAG File Processing Stats

File Path                 PID    Runtime      # DAGs    # Errors  Last Runtime    Last Run               Last # of DB Queries
------------------------  -----  ---------  --------  ----------  --------------  -------------------  ----------------------
/opt/airflow/dags/etl.py                           1           0  0.18s           2025-01-03T12:39:35                      12
================================================================================
[2025-01-03T12:57:13.345+0000] {manager.py:832} INFO - Searching for files in /opt/airflow/dags
[2025-01-03T12:57:13.351+0000] {manager.py:835} INFO - There are 1 files in /opt/airflow/dags
[2025-01-03T12:57:17.455+0000] {manager.py:1008} INFO - 
================================================================================
DAG File Processing Stats

File Path                 PID    Runtime      # DAGs    # Errors  Last Runtime    Last Run               Last # of DB Queries
------------------------  -----  ---------  --------  ----------  --------------  -------------------  ----------------------
/opt/airflow/dags/etl.py                           1           0  0.08s           2025-01-03T12:57:13                      12
================================================================================
[2025-01-03T13:11:54.142+0000] {manager.py:832} INFO - Searching for files in /opt/airflow/dags
[2025-01-03T13:11:54.150+0000] {manager.py:835} INFO - There are 1 files in /opt/airflow/dags
[2025-01-03T13:11:58.250+0000] {manager.py:1008} INFO - 
================================================================================
DAG File Processing Stats

File Path                 PID    Runtime      # DAGs    # Errors  Last Runtime    Last Run               Last # of DB Queries
------------------------  -----  ---------  --------  ----------  --------------  -------------------  ----------------------
/opt/airflow/dags/etl.py                           1           0  0.11s           2025-01-03T13:11:54                      12
================================================================================
[2025-01-03T13:12:28.712+0000] {manager.py:1008} INFO - 
================================================================================
DAG File Processing Stats

File Path                 PID    Runtime      # DAGs    # Errors  Last Runtime    Last Run               Last # of DB Queries
------------------------  -----  ---------  --------  ----------  --------------  -------------------  ----------------------
/opt/airflow/dags/etl.py                           1           0  0.25s           2025-01-03T13:12:24                      12
================================================================================
[2025-01-03T13:12:58.974+0000] {manager.py:1008} INFO - 
================================================================================
DAG File Processing Stats

File Path                 PID    Runtime      # DAGs    # Errors  Last Runtime    Last Run               Last # of DB Queries
------------------------  -----  ---------  --------  ----------  --------------  -------------------  ----------------------
/opt/airflow/dags/etl.py                           1           0  0.21s           2025-01-03T13:12:55                      12
================================================================================
[2025-01-03T13:13:29.408+0000] {manager.py:1008} INFO - 
================================================================================
DAG File Processing Stats

File Path                 PID    Runtime      # DAGs    # Errors  Last Runtime    Last Run               Last # of DB Queries
------------------------  -----  ---------  --------  ----------  --------------  -------------------  ----------------------
/opt/airflow/dags/etl.py                           1           0  0.32s           2025-01-03T13:13:25                      12
================================================================================
[2025-01-03T13:13:59.803+0000] {manager.py:1008} INFO - 
================================================================================
DAG File Processing Stats

File Path                 PID    Runtime      # DAGs    # Errors  Last Runtime    Last Run               Last # of DB Queries
------------------------  -----  ---------  --------  ----------  --------------  -------------------  ----------------------
/opt/airflow/dags/etl.py                           1           0  0.15s           2025-01-03T13:13:55                      12
================================================================================
[2025-01-03T13:14:30.163+0000] {manager.py:1008} INFO - 
================================================================================
DAG File Processing Stats

File Path                 PID    Runtime      # DAGs    # Errors  Last Runtime    Last Run               Last # of DB Queries
------------------------  -----  ---------  --------  ----------  --------------  -------------------  ----------------------
/opt/airflow/dags/etl.py                           1           0  0.14s           2025-01-03T13:14:26                      12
================================================================================
[2025-01-03T13:15:00.479+0000] {manager.py:1008} INFO - 
================================================================================
DAG File Processing Stats

File Path                 PID    Runtime      # DAGs    # Errors  Last Runtime    Last Run               Last # of DB Queries
------------------------  -----  ---------  --------  ----------  --------------  -------------------  ----------------------
/opt/airflow/dags/etl.py                           1           0  0.11s           2025-01-03T13:14:56                      12
================================================================================
[2025-01-03T13:15:30.828+0000] {manager.py:1008} INFO - 
================================================================================
DAG File Processing Stats

File Path                 PID    Runtime      # DAGs    # Errors  Last Runtime    Last Run               Last # of DB Queries
------------------------  -----  ---------  --------  ----------  --------------  -------------------  ----------------------
/opt/airflow/dags/etl.py                           1           0  0.33s           2025-01-03T13:15:09                      12
================================================================================
[2025-01-03T13:16:01.450+0000] {manager.py:1008} INFO - 
================================================================================
DAG File Processing Stats

File Path                 PID    Runtime      # DAGs    # Errors  Last Runtime    Last Run               Last # of DB Queries
------------------------  -----  ---------  --------  ----------  --------------  -------------------  ----------------------
/opt/airflow/dags/etl.py                           1           0  0.16s           2025-01-03T13:15:44                      12
================================================================================
[2025-01-03T13:16:31.782+0000] {manager.py:1008} INFO - 
================================================================================
DAG File Processing Stats

File Path                 PID    Runtime      # DAGs    # Errors  Last Runtime    Last Run               Last # of DB Queries
------------------------  -----  ---------  --------  ----------  --------------  -------------------  ----------------------
/opt/airflow/dags/etl.py                           1           0  0.22s           2025-01-03T13:16:21                      12
================================================================================
[2025-01-03T13:16:55.001+0000] {manager.py:832} INFO - Searching for files in /opt/airflow/dags
[2025-01-03T13:16:55.008+0000] {manager.py:835} INFO - There are 1 files in /opt/airflow/dags
[2025-01-03T13:17:02.082+0000] {manager.py:1008} INFO - 
================================================================================
DAG File Processing Stats

File Path                 PID    Runtime      # DAGs    # Errors  Last Runtime    Last Run               Last # of DB Queries
------------------------  -----  ---------  --------  ----------  --------------  -------------------  ----------------------
/opt/airflow/dags/etl.py                           1           0  0.11s           2025-01-03T13:16:52                      12
================================================================================
[2025-01-03T13:17:32.390+0000] {manager.py:1008} INFO - 
================================================================================
DAG File Processing Stats

File Path                 PID    Runtime      # DAGs    # Errors  Last Runtime    Last Run               Last # of DB Queries
------------------------  -----  ---------  --------  ----------  --------------  -------------------  ----------------------
/opt/airflow/dags/etl.py                           1           0  0.11s           2025-01-03T13:17:24                      12
================================================================================
[2025-01-03T13:18:02.721+0000] {manager.py:1008} INFO - 
================================================================================
DAG File Processing Stats

File Path                 PID    Runtime      # DAGs    # Errors  Last Runtime    Last Run               Last # of DB Queries
------------------------  -----  ---------  --------  ----------  --------------  -------------------  ----------------------
/opt/airflow/dags/etl.py                           1           0  0.22s           2025-01-03T13:17:54                      12
================================================================================
[2025-01-03T13:18:33.174+0000] {manager.py:1008} INFO - 
================================================================================
DAG File Processing Stats

File Path                 PID    Runtime      # DAGs    # Errors  Last Runtime    Last Run               Last # of DB Queries
------------------------  -----  ---------  --------  ----------  --------------  -------------------  ----------------------
/opt/airflow/dags/etl.py                           1           0  0.31s           2025-01-03T13:18:22                      12
================================================================================
[2025-01-03T13:19:03.625+0000] {manager.py:1008} INFO - 
================================================================================
DAG File Processing Stats

File Path                 PID    Runtime      # DAGs    # Errors  Last Runtime    Last Run               Last # of DB Queries
------------------------  -----  ---------  --------  ----------  --------------  -------------------  ----------------------
/opt/airflow/dags/etl.py                           1           0  0.32s           2025-01-03T13:18:52                      12
================================================================================
[2025-01-03T13:19:33.969+0000] {manager.py:1008} INFO - 
================================================================================
DAG File Processing Stats

File Path                 PID    Runtime      # DAGs    # Errors  Last Runtime    Last Run               Last # of DB Queries
------------------------  -----  ---------  --------  ----------  --------------  -------------------  ----------------------
/opt/airflow/dags/etl.py                           1           0  0.10s           2025-01-03T13:19:22                      12
================================================================================
[2025-01-03T13:20:04.316+0000] {manager.py:1008} INFO - 
================================================================================
DAG File Processing Stats

File Path                 PID    Runtime      # DAGs    # Errors  Last Runtime    Last Run               Last # of DB Queries
------------------------  -----  ---------  --------  ----------  --------------  -------------------  ----------------------
/opt/airflow/dags/etl.py                           1           0  0.07s           2025-01-03T13:19:45                      12
================================================================================
[2025-01-03T13:20:34.602+0000] {manager.py:1008} INFO - 
================================================================================
DAG File Processing Stats

File Path                 PID    Runtime      # DAGs    # Errors  Last Runtime    Last Run               Last # of DB Queries
------------------------  -----  ---------  --------  ----------  --------------  -------------------  ----------------------
/opt/airflow/dags/etl.py                           1           0  0.16s           2025-01-03T13:20:15                      12
================================================================================
[2025-01-03T13:21:04.927+0000] {manager.py:1008} INFO - 
================================================================================
DAG File Processing Stats

File Path                 PID    Runtime      # DAGs    # Errors  Last Runtime    Last Run               Last # of DB Queries
------------------------  -----  ---------  --------  ----------  --------------  -------------------  ----------------------
/opt/airflow/dags/etl.py                           1           0  0.30s           2025-01-03T13:20:45                      12
================================================================================
[2025-01-03T13:21:35.476+0000] {manager.py:1008} INFO - 
================================================================================
DAG File Processing Stats

File Path                 PID    Runtime      # DAGs    # Errors  Last Runtime    Last Run               Last # of DB Queries
------------------------  -----  ---------  --------  ----------  --------------  -------------------  ----------------------
/opt/airflow/dags/etl.py                           1           0  0.29s           2025-01-03T13:21:10                      12
================================================================================
[2025-01-03T13:21:55.938+0000] {manager.py:832} INFO - Searching for files in /opt/airflow/dags
[2025-01-03T13:21:55.946+0000] {manager.py:835} INFO - There are 1 files in /opt/airflow/dags
[2025-01-03T13:22:06.051+0000] {manager.py:1008} INFO - 
================================================================================
DAG File Processing Stats

File Path                 PID    Runtime      # DAGs    # Errors  Last Runtime    Last Run               Last # of DB Queries
------------------------  -----  ---------  --------  ----------  --------------  -------------------  ----------------------
/opt/airflow/dags/etl.py                           1           0  0.34s           2025-01-03T13:21:40                      12
================================================================================
[2025-01-03T13:22:36.366+0000] {manager.py:1008} INFO - 
================================================================================
DAG File Processing Stats

File Path                 PID    Runtime      # DAGs    # Errors  Last Runtime    Last Run               Last # of DB Queries
------------------------  -----  ---------  --------  ----------  --------------  -------------------  ----------------------
/opt/airflow/dags/etl.py                           1           0  0.21s           2025-01-03T13:22:11                      12
================================================================================
[2025-01-03T13:23:06.703+0000] {manager.py:1008} INFO - 
================================================================================
DAG File Processing Stats

File Path                 PID    Runtime      # DAGs    # Errors  Last Runtime    Last Run               Last # of DB Queries
------------------------  -----  ---------  --------  ----------  --------------  -------------------  ----------------------
/opt/airflow/dags/etl.py                           1           0  0.13s           2025-01-03T13:23:02                      12
================================================================================
[2025-01-03T13:23:37.002+0000] {manager.py:1008} INFO - 
================================================================================
DAG File Processing Stats

File Path                 PID    Runtime      # DAGs    # Errors  Last Runtime    Last Run               Last # of DB Queries
------------------------  -----  ---------  --------  ----------  --------------  -------------------  ----------------------
/opt/airflow/dags/etl.py                           1           0  0.37s           2025-01-03T13:23:33                      12
================================================================================
[2025-01-03T13:24:07.642+0000] {manager.py:1008} INFO - 
================================================================================
DAG File Processing Stats

File Path                 PID    Runtime      # DAGs    # Errors  Last Runtime    Last Run               Last # of DB Queries
------------------------  -----  ---------  --------  ----------  --------------  -------------------  ----------------------
/opt/airflow/dags/etl.py                           1           0  0.27s           2025-01-03T13:23:56                      12
================================================================================
[2025-01-03T13:24:38.209+0000] {manager.py:1008} INFO - 
================================================================================
DAG File Processing Stats

File Path                 PID    Runtime      # DAGs    # Errors  Last Runtime    Last Run               Last # of DB Queries
------------------------  -----  ---------  --------  ----------  --------------  -------------------  ----------------------
/opt/airflow/dags/etl.py                           1           0  0.32s           2025-01-03T13:24:27                      12
================================================================================
[2025-01-03T13:25:08.531+0000] {manager.py:1008} INFO - 
================================================================================
DAG File Processing Stats

File Path                 PID    Runtime      # DAGs    # Errors  Last Runtime    Last Run               Last # of DB Queries
------------------------  -----  ---------  --------  ----------  --------------  -------------------  ----------------------
/opt/airflow/dags/etl.py                           1           0  0.46s           2025-01-03T13:24:55                      12
================================================================================
[2025-01-03T13:25:38.897+0000] {manager.py:1008} INFO - 
================================================================================
DAG File Processing Stats

File Path                 PID    Runtime      # DAGs    # Errors  Last Runtime    Last Run               Last # of DB Queries
------------------------  -----  ---------  --------  ----------  --------------  -------------------  ----------------------
/opt/airflow/dags/etl.py                           1           0  0.21s           2025-01-03T13:25:17                      12
================================================================================
[2025-01-03T13:26:09.356+0000] {manager.py:1008} INFO - 
================================================================================
DAG File Processing Stats

File Path                 PID    Runtime      # DAGs    # Errors  Last Runtime    Last Run               Last # of DB Queries
------------------------  -----  ---------  --------  ----------  --------------  -------------------  ----------------------
/opt/airflow/dags/etl.py                           1           0  0.16s           2025-01-03T13:25:48                      12
================================================================================
[2025-01-03T13:26:39.664+0000] {manager.py:1008} INFO - 
================================================================================
DAG File Processing Stats

File Path                 PID    Runtime      # DAGs    # Errors  Last Runtime    Last Run               Last # of DB Queries
------------------------  -----  ---------  --------  ----------  --------------  -------------------  ----------------------
/opt/airflow/dags/etl.py                           1           0  0.09s           2025-01-03T13:26:18                      12
================================================================================
[2025-01-03T13:26:56.154+0000] {manager.py:832} INFO - Searching for files in /opt/airflow/dags
[2025-01-03T13:26:56.164+0000] {manager.py:835} INFO - There are 1 files in /opt/airflow/dags
[2025-01-03T13:27:09.915+0000] {manager.py:1008} INFO - 
================================================================================
DAG File Processing Stats

File Path                 PID    Runtime      # DAGs    # Errors  Last Runtime    Last Run               Last # of DB Queries
------------------------  -----  ---------  --------  ----------  --------------  -------------------  ----------------------
/opt/airflow/dags/etl.py                           1           0  0.34s           2025-01-03T13:26:45                      12
================================================================================
[2025-01-03T13:27:40.665+0000] {manager.py:1008} INFO - 
================================================================================
DAG File Processing Stats

File Path                 PID    Runtime      # DAGs    # Errors  Last Runtime    Last Run               Last # of DB Queries
------------------------  -----  ---------  --------  ----------  --------------  -------------------  ----------------------
/opt/airflow/dags/etl.py                           1           0  0.35s           2025-01-03T13:27:15                      12
================================================================================
[2025-01-03T13:28:11.191+0000] {manager.py:1008} INFO - 
================================================================================
DAG File Processing Stats

File Path                 PID    Runtime      # DAGs    # Errors  Last Runtime    Last Run               Last # of DB Queries
------------------------  -----  ---------  --------  ----------  --------------  -------------------  ----------------------
/opt/airflow/dags/etl.py                           1           0  0.24s           2025-01-03T13:27:53                      12
================================================================================
[2025-01-03T13:28:41.534+0000] {manager.py:1008} INFO - 
================================================================================
DAG File Processing Stats

File Path                 PID    Runtime      # DAGs    # Errors  Last Runtime    Last Run               Last # of DB Queries
------------------------  -----  ---------  --------  ----------  --------------  -------------------  ----------------------
/opt/airflow/dags/etl.py                           1           0  0.10s           2025-01-03T13:28:23                      12
================================================================================
[2025-01-03T13:29:11.841+0000] {manager.py:1008} INFO - 
================================================================================
DAG File Processing Stats

File Path                 PID    Runtime      # DAGs    # Errors  Last Runtime    Last Run               Last # of DB Queries
------------------------  -----  ---------  --------  ----------  --------------  -------------------  ----------------------
/opt/airflow/dags/etl.py                           1           0  0.10s           2025-01-03T13:28:53                      12
================================================================================
[2025-01-03T13:29:42.217+0000] {manager.py:1008} INFO - 
================================================================================
DAG File Processing Stats

File Path                 PID    Runtime      # DAGs    # Errors  Last Runtime    Last Run               Last # of DB Queries
------------------------  -----  ---------  --------  ----------  --------------  -------------------  ----------------------
/opt/airflow/dags/etl.py                           1           0  0.37s           2025-01-03T13:29:24                      12
================================================================================
[2025-01-03T13:30:12.816+0000] {manager.py:1008} INFO - 
================================================================================
DAG File Processing Stats

File Path                 PID    Runtime      # DAGs    # Errors  Last Runtime    Last Run               Last # of DB Queries
------------------------  -----  ---------  --------  ----------  --------------  -------------------  ----------------------
/opt/airflow/dags/etl.py                           1           0  0.27s           2025-01-03T13:29:54                      12
================================================================================
[2025-01-03T13:30:43.310+0000] {manager.py:1008} INFO - 
================================================================================
DAG File Processing Stats

File Path                 PID    Runtime      # DAGs    # Errors  Last Runtime    Last Run               Last # of DB Queries
------------------------  -----  ---------  --------  ----------  --------------  -------------------  ----------------------
/opt/airflow/dags/etl.py                           0           1  0.09s           2025-01-03T13:30:42                       3
================================================================================
[2025-01-03T13:31:13.606+0000] {manager.py:1008} INFO - 
================================================================================
DAG File Processing Stats

File Path                 PID    Runtime      # DAGs    # Errors  Last Runtime    Last Run               Last # of DB Queries
------------------------  -----  ---------  --------  ----------  --------------  -------------------  ----------------------
/opt/airflow/dags/etl.py                           0           1  0.11s           2025-01-03T13:31:12                       5
================================================================================
[2025-01-03T13:31:43.950+0000] {manager.py:1008} INFO - 
================================================================================
DAG File Processing Stats

File Path                 PID    Runtime      # DAGs    # Errors  Last Runtime    Last Run               Last # of DB Queries
------------------------  -----  ---------  --------  ----------  --------------  -------------------  ----------------------
/opt/airflow/dags/etl.py                           0           1  0.07s           2025-01-03T13:31:20                       5
================================================================================
[2025-01-03T13:31:56.161+0000] {manager.py:832} INFO - Searching for files in /opt/airflow/dags
[2025-01-03T13:31:56.166+0000] {manager.py:835} INFO - There are 1 files in /opt/airflow/dags
[2025-01-03T13:32:14.380+0000] {manager.py:1008} INFO - 
================================================================================
DAG File Processing Stats

File Path                 PID    Runtime      # DAGs    # Errors  Last Runtime    Last Run               Last # of DB Queries
------------------------  -----  ---------  --------  ----------  --------------  -------------------  ----------------------
/opt/airflow/dags/etl.py                           0           1  0.05s           2025-01-03T13:31:58                       5
================================================================================
[2025-01-03T13:32:44.711+0000] {manager.py:1008} INFO - 
================================================================================
DAG File Processing Stats

File Path                 PID    Runtime      # DAGs    # Errors  Last Runtime    Last Run               Last # of DB Queries
------------------------  -----  ---------  --------  ----------  --------------  -------------------  ----------------------
/opt/airflow/dags/etl.py                           0           1  0.06s           2025-01-03T13:32:28                       5
================================================================================
[2025-01-03T13:33:15.104+0000] {manager.py:1008} INFO - 
================================================================================
DAG File Processing Stats

File Path                 PID    Runtime      # DAGs    # Errors  Last Runtime    Last Run               Last # of DB Queries
------------------------  -----  ---------  --------  ----------  --------------  -------------------  ----------------------
/opt/airflow/dags/etl.py                           1           0  0.21s           2025-01-03T13:33:06                      34
================================================================================
[2025-01-03T13:33:45.428+0000] {manager.py:1008} INFO - 
================================================================================
DAG File Processing Stats

File Path                 PID    Runtime      # DAGs    # Errors  Last Runtime    Last Run               Last # of DB Queries
------------------------  -----  ---------  --------  ----------  --------------  -------------------  ----------------------
/opt/airflow/dags/etl.py                           1           0  0.13s           2025-01-03T13:33:36                      12
================================================================================
[2025-01-03T13:34:15.938+0000] {manager.py:1008} INFO - 
================================================================================
DAG File Processing Stats

File Path                 PID    Runtime      # DAGs    # Errors  Last Runtime    Last Run               Last # of DB Queries
------------------------  -----  ---------  --------  ----------  --------------  -------------------  ----------------------
/opt/airflow/dags/etl.py                           1           0  0.08s           2025-01-03T13:34:05                      12
================================================================================
[2025-01-03T13:34:46.265+0000] {manager.py:1008} INFO - 
================================================================================
DAG File Processing Stats

File Path                 PID    Runtime      # DAGs    # Errors  Last Runtime    Last Run               Last # of DB Queries
------------------------  -----  ---------  --------  ----------  --------------  -------------------  ----------------------
/opt/airflow/dags/etl.py                           1           0  0.10s           2025-01-03T13:34:21                      12
================================================================================
[2025-01-03T13:35:16.645+0000] {manager.py:1008} INFO - 
================================================================================
DAG File Processing Stats

File Path                 PID    Runtime      # DAGs    # Errors  Last Runtime    Last Run               Last # of DB Queries
------------------------  -----  ---------  --------  ----------  --------------  -------------------  ----------------------
/opt/airflow/dags/etl.py                           1           0  0.09s           2025-01-03T13:35:10                      12
================================================================================
[2025-01-03T13:35:46.995+0000] {manager.py:1008} INFO - 
================================================================================
DAG File Processing Stats

File Path                 PID    Runtime      # DAGs    # Errors  Last Runtime    Last Run               Last # of DB Queries
------------------------  -----  ---------  --------  ----------  --------------  -------------------  ----------------------
/opt/airflow/dags/etl.py                           1           0  0.12s           2025-01-03T13:35:41                      12
================================================================================
[2025-01-03T13:36:17.362+0000] {manager.py:1008} INFO - 
================================================================================
DAG File Processing Stats

File Path                 PID    Runtime      # DAGs    # Errors  Last Runtime    Last Run               Last # of DB Queries
------------------------  -----  ---------  --------  ----------  --------------  -------------------  ----------------------
/opt/airflow/dags/etl.py                           1           0  0.15s           2025-01-03T13:36:11                      12
================================================================================
[2025-01-03T13:36:47.806+0000] {manager.py:1008} INFO - 
================================================================================
DAG File Processing Stats

File Path                 PID    Runtime      # DAGs    # Errors  Last Runtime    Last Run               Last # of DB Queries
------------------------  -----  ---------  --------  ----------  --------------  -------------------  ----------------------
/opt/airflow/dags/etl.py                           1           0  0.16s           2025-01-03T13:36:41                      12
================================================================================
[2025-01-03T13:36:56.888+0000] {manager.py:832} INFO - Searching for files in /opt/airflow/dags
[2025-01-03T13:36:56.891+0000] {manager.py:835} INFO - There are 1 files in /opt/airflow/dags
[2025-01-03T13:37:18.176+0000] {manager.py:1008} INFO - 
================================================================================
DAG File Processing Stats

File Path                 PID    Runtime      # DAGs    # Errors  Last Runtime    Last Run               Last # of DB Queries
------------------------  -----  ---------  --------  ----------  --------------  -------------------  ----------------------
/opt/airflow/dags/etl.py                           1           0  0.20s           2025-01-03T13:37:12                      12
================================================================================
[2025-01-03T13:37:48.637+0000] {manager.py:1008} INFO - 
================================================================================
DAG File Processing Stats

File Path                 PID    Runtime      # DAGs    # Errors  Last Runtime    Last Run               Last # of DB Queries
------------------------  -----  ---------  --------  ----------  --------------  -------------------  ----------------------
/opt/airflow/dags/etl.py                           1           0  0.21s           2025-01-03T13:37:32                      12
================================================================================
[2025-01-03T13:38:18.994+0000] {manager.py:1008} INFO - 
================================================================================
DAG File Processing Stats

File Path                 PID    Runtime      # DAGs    # Errors  Last Runtime    Last Run               Last # of DB Queries
------------------------  -----  ---------  --------  ----------  --------------  -------------------  ----------------------
/opt/airflow/dags/etl.py                           1           0  0.10s           2025-01-03T13:38:11                      12
================================================================================
[2025-01-03T13:38:49.323+0000] {manager.py:1008} INFO - 
================================================================================
DAG File Processing Stats

File Path                 PID    Runtime      # DAGs    # Errors  Last Runtime    Last Run               Last # of DB Queries
------------------------  -----  ---------  --------  ----------  --------------  -------------------  ----------------------
/opt/airflow/dags/etl.py                           1           0  0.19s           2025-01-03T13:38:36                      12
================================================================================
[2025-01-03T13:39:19.807+0000] {manager.py:1008} INFO - 
================================================================================
DAG File Processing Stats

File Path                 PID    Runtime      # DAGs    # Errors  Last Runtime    Last Run               Last # of DB Queries
------------------------  -----  ---------  --------  ----------  --------------  -------------------  ----------------------
/opt/airflow/dags/etl.py                           1           0  0.17s           2025-01-03T13:39:06                      12
================================================================================
[2025-01-03T13:39:50.218+0000] {manager.py:1008} INFO - 
================================================================================
DAG File Processing Stats

File Path                 PID    Runtime      # DAGs    # Errors  Last Runtime    Last Run               Last # of DB Queries
------------------------  -----  ---------  --------  ----------  --------------  -------------------  ----------------------
/opt/airflow/dags/etl.py                           1           0  0.19s           2025-01-03T13:39:26                      12
================================================================================
[2025-01-03T13:40:20.569+0000] {manager.py:1008} INFO - 
================================================================================
DAG File Processing Stats

File Path                 PID    Runtime      # DAGs    # Errors  Last Runtime    Last Run               Last # of DB Queries
------------------------  -----  ---------  --------  ----------  --------------  -------------------  ----------------------
/opt/airflow/dags/etl.py                           1           0  0.12s           2025-01-03T13:39:56                      12
================================================================================
[2025-01-03T13:40:50.987+0000] {manager.py:1008} INFO - 
================================================================================
DAG File Processing Stats

File Path                 PID    Runtime      # DAGs    # Errors  Last Runtime    Last Run               Last # of DB Queries
------------------------  -----  ---------  --------  ----------  --------------  -------------------  ----------------------
/opt/airflow/dags/etl.py                           1           0  0.08s           2025-01-03T13:40:31                      12
================================================================================
[2025-01-03T13:41:21.364+0000] {manager.py:1008} INFO - 
================================================================================
DAG File Processing Stats

File Path                 PID    Runtime      # DAGs    # Errors  Last Runtime    Last Run               Last # of DB Queries
------------------------  -----  ---------  --------  ----------  --------------  -------------------  ----------------------
/opt/airflow/dags/etl.py                           1           0  0.13s           2025-01-03T13:41:02                      12
================================================================================
[2025-01-03T13:41:51.711+0000] {manager.py:1008} INFO - 
================================================================================
DAG File Processing Stats

File Path                 PID    Runtime      # DAGs    # Errors  Last Runtime    Last Run               Last # of DB Queries
------------------------  -----  ---------  --------  ----------  --------------  -------------------  ----------------------
/opt/airflow/dags/etl.py                           1           0  0.16s           2025-01-03T13:41:31                      12
================================================================================
[2025-01-03T13:41:57.786+0000] {manager.py:832} INFO - Searching for files in /opt/airflow/dags
[2025-01-03T13:41:57.791+0000] {manager.py:835} INFO - There are 1 files in /opt/airflow/dags
[2025-01-03T13:42:22.026+0000] {manager.py:1008} INFO - 
================================================================================
DAG File Processing Stats

File Path                 PID    Runtime      # DAGs    # Errors  Last Runtime    Last Run               Last # of DB Queries
------------------------  -----  ---------  --------  ----------  --------------  -------------------  ----------------------
/opt/airflow/dags/etl.py                           1           0  0.08s           2025-01-03T13:42:01                      12
================================================================================
[2025-01-03T13:42:52.312+0000] {manager.py:1008} INFO - 
================================================================================
DAG File Processing Stats

File Path                 PID    Runtime      # DAGs    # Errors  Last Runtime    Last Run               Last # of DB Queries
------------------------  -----  ---------  --------  ----------  --------------  -------------------  ----------------------
/opt/airflow/dags/etl.py                           1           0  0.15s           2025-01-03T13:42:32                      12
================================================================================
[2025-01-03T13:43:22.735+0000] {manager.py:1008} INFO - 
================================================================================
DAG File Processing Stats

File Path                 PID    Runtime      # DAGs    # Errors  Last Runtime    Last Run               Last # of DB Queries
------------------------  -----  ---------  --------  ----------  --------------  -------------------  ----------------------
/opt/airflow/dags/etl.py                           1           0  0.18s           2025-01-03T13:43:02                      12
================================================================================
[2025-01-03T13:43:53.084+0000] {manager.py:1008} INFO - 
================================================================================
DAG File Processing Stats

File Path                 PID    Runtime      # DAGs    # Errors  Last Runtime    Last Run               Last # of DB Queries
------------------------  -----  ---------  --------  ----------  --------------  -------------------  ----------------------
/opt/airflow/dags/etl.py                           1           0  0.10s           2025-01-03T13:43:32                      12
================================================================================
[2025-01-03T13:44:23.526+0000] {manager.py:1008} INFO - 
================================================================================
DAG File Processing Stats

File Path                 PID    Runtime      # DAGs    # Errors  Last Runtime    Last Run               Last # of DB Queries
------------------------  -----  ---------  --------  ----------  --------------  -------------------  ----------------------
/opt/airflow/dags/etl.py                           1           0  0.14s           2025-01-03T13:44:19                      12
================================================================================
[2025-01-03T13:44:53.919+0000] {manager.py:1008} INFO - 
================================================================================
DAG File Processing Stats

File Path                 PID    Runtime      # DAGs    # Errors  Last Runtime    Last Run               Last # of DB Queries
------------------------  -----  ---------  --------  ----------  --------------  -------------------  ----------------------
/opt/airflow/dags/etl.py                           1           0  0.13s           2025-01-03T13:44:49                      12
================================================================================
[2025-01-03T13:45:24.228+0000] {manager.py:1008} INFO - 
================================================================================
DAG File Processing Stats

File Path                 PID    Runtime      # DAGs    # Errors  Last Runtime    Last Run               Last # of DB Queries
------------------------  -----  ---------  --------  ----------  --------------  -------------------  ----------------------
/opt/airflow/dags/etl.py                           1           0  0.09s           2025-01-03T13:45:20                      12
================================================================================
[2025-01-03T13:45:54.503+0000] {manager.py:1008} INFO - 
================================================================================
DAG File Processing Stats

File Path                 PID    Runtime      # DAGs    # Errors  Last Runtime    Last Run               Last # of DB Queries
------------------------  -----  ---------  --------  ----------  --------------  -------------------  ----------------------
/opt/airflow/dags/etl.py                           1           0  0.09s           2025-01-03T13:45:50                      12
================================================================================
[2025-01-03T13:46:24.778+0000] {manager.py:1008} INFO - 
================================================================================
DAG File Processing Stats

File Path                 PID    Runtime      # DAGs    # Errors  Last Runtime    Last Run               Last # of DB Queries
------------------------  -----  ---------  --------  ----------  --------------  -------------------  ----------------------
/opt/airflow/dags/etl.py                           1           0  0.12s           2025-01-03T13:46:20                      12
================================================================================
[2025-01-03T13:46:55.147+0000] {manager.py:1008} INFO - 
================================================================================
DAG File Processing Stats

File Path                 PID    Runtime      # DAGs    # Errors  Last Runtime    Last Run               Last # of DB Queries
------------------------  -----  ---------  --------  ----------  --------------  -------------------  ----------------------
/opt/airflow/dags/etl.py                           1           0  0.23s           2025-01-03T13:46:51                      12
================================================================================
[2025-01-03T13:46:58.178+0000] {manager.py:832} INFO - Searching for files in /opt/airflow/dags
[2025-01-03T13:46:58.187+0000] {manager.py:835} INFO - There are 1 files in /opt/airflow/dags
[2025-01-03T13:47:25.542+0000] {manager.py:1008} INFO - 
================================================================================
DAG File Processing Stats

File Path                 PID    Runtime      # DAGs    # Errors  Last Runtime    Last Run               Last # of DB Queries
------------------------  -----  ---------  --------  ----------  --------------  -------------------  ----------------------
/opt/airflow/dags/etl.py                           1           0  0.13s           2025-01-03T13:47:21                      12
================================================================================
[2025-01-03T13:47:55.864+0000] {manager.py:1008} INFO - 
================================================================================
DAG File Processing Stats

File Path                 PID    Runtime      # DAGs    # Errors  Last Runtime    Last Run               Last # of DB Queries
------------------------  -----  ---------  --------  ----------  --------------  -------------------  ----------------------
/opt/airflow/dags/etl.py                           1           0  0.07s           2025-01-03T13:47:51                      12
================================================================================
[2025-01-03T13:48:26.203+0000] {manager.py:1008} INFO - 
================================================================================
DAG File Processing Stats

File Path                 PID    Runtime      # DAGs    # Errors  Last Runtime    Last Run               Last # of DB Queries
------------------------  -----  ---------  --------  ----------  --------------  -------------------  ----------------------
/opt/airflow/dags/etl.py                           1           0  0.15s           2025-01-03T13:48:22                      12
================================================================================
[2025-01-03T13:48:56.569+0000] {manager.py:1008} INFO - 
================================================================================
DAG File Processing Stats

File Path                 PID    Runtime      # DAGs    # Errors  Last Runtime    Last Run               Last # of DB Queries
------------------------  -----  ---------  --------  ----------  --------------  -------------------  ----------------------
/opt/airflow/dags/etl.py                           1           0  0.09s           2025-01-03T13:48:52                      12
================================================================================
[2025-01-03T13:49:26.938+0000] {manager.py:1008} INFO - 
================================================================================
DAG File Processing Stats

File Path                 PID    Runtime      # DAGs    # Errors  Last Runtime    Last Run               Last # of DB Queries
------------------------  -----  ---------  --------  ----------  --------------  -------------------  ----------------------
/opt/airflow/dags/etl.py                           1           0  0.10s           2025-01-03T13:49:22                      12
================================================================================
[2025-01-03T13:49:57.253+0000] {manager.py:1008} INFO - 
================================================================================
DAG File Processing Stats

File Path                 PID    Runtime      # DAGs    # Errors  Last Runtime    Last Run               Last # of DB Queries
------------------------  -----  ---------  --------  ----------  --------------  -------------------  ----------------------
/opt/airflow/dags/etl.py                           1           0  0.08s           2025-01-03T13:49:53                      12
================================================================================
[2025-01-03T13:50:27.563+0000] {manager.py:1008} INFO - 
================================================================================
DAG File Processing Stats

File Path                 PID    Runtime      # DAGs    # Errors  Last Runtime    Last Run               Last # of DB Queries
------------------------  -----  ---------  --------  ----------  --------------  -------------------  ----------------------
/opt/airflow/dags/etl.py                           1           0  0.13s           2025-01-03T13:50:23                      12
================================================================================
[2025-01-03T13:50:57.906+0000] {manager.py:1008} INFO - 
================================================================================
DAG File Processing Stats

File Path                 PID    Runtime      # DAGs    # Errors  Last Runtime    Last Run               Last # of DB Queries
------------------------  -----  ---------  --------  ----------  --------------  -------------------  ----------------------
/opt/airflow/dags/etl.py                           1           0  0.21s           2025-01-03T13:50:54                      12
================================================================================
[2025-01-03T13:51:28.222+0000] {manager.py:1008} INFO - 
================================================================================
DAG File Processing Stats

File Path                 PID    Runtime      # DAGs    # Errors  Last Runtime    Last Run               Last # of DB Queries
------------------------  -----  ---------  --------  ----------  --------------  -------------------  ----------------------
/opt/airflow/dags/etl.py                           1           0  0.09s           2025-01-03T13:51:24                      12
================================================================================
[2025-01-03T13:51:58.567+0000] {manager.py:832} INFO - Searching for files in /opt/airflow/dags
[2025-01-03T13:51:58.575+0000] {manager.py:835} INFO - There are 1 files in /opt/airflow/dags
[2025-01-03T13:51:58.586+0000] {manager.py:1008} INFO - 
================================================================================
DAG File Processing Stats

File Path                 PID    Runtime      # DAGs    # Errors  Last Runtime    Last Run               Last # of DB Queries
------------------------  -----  ---------  --------  ----------  --------------  -------------------  ----------------------
/opt/airflow/dags/etl.py                           1           0  0.15s           2025-01-03T13:51:54                      12
================================================================================
[2025-01-03T13:52:28.949+0000] {manager.py:1008} INFO - 
================================================================================
DAG File Processing Stats

File Path                 PID    Runtime      # DAGs    # Errors  Last Runtime    Last Run               Last # of DB Queries
------------------------  -----  ---------  --------  ----------  --------------  -------------------  ----------------------
/opt/airflow/dags/etl.py                           1           0  0.19s           2025-01-03T13:52:25                      12
================================================================================
[2025-01-03T13:52:59.310+0000] {manager.py:1008} INFO - 
================================================================================
DAG File Processing Stats

File Path                 PID    Runtime      # DAGs    # Errors  Last Runtime    Last Run               Last # of DB Queries
------------------------  -----  ---------  --------  ----------  --------------  -------------------  ----------------------
/opt/airflow/dags/etl.py                           1           0  0.14s           2025-01-03T13:52:55                      12
================================================================================
[2025-01-03T13:53:29.667+0000] {manager.py:1008} INFO - 
================================================================================
DAG File Processing Stats

File Path                 PID    Runtime      # DAGs    # Errors  Last Runtime    Last Run               Last # of DB Queries
------------------------  -----  ---------  --------  ----------  --------------  -------------------  ----------------------
/opt/airflow/dags/etl.py                           1           0  0.13s           2025-01-03T13:53:25                      12
================================================================================
[2025-01-03T13:54:00.048+0000] {manager.py:1008} INFO - 
================================================================================
DAG File Processing Stats

File Path                 PID    Runtime      # DAGs    # Errors  Last Runtime    Last Run               Last # of DB Queries
------------------------  -----  ---------  --------  ----------  --------------  -------------------  ----------------------
/opt/airflow/dags/etl.py                           1           0  0.19s           2025-01-03T13:53:56                      12
================================================================================
[2025-01-03T13:54:30.439+0000] {manager.py:1008} INFO - 
================================================================================
DAG File Processing Stats

File Path                 PID    Runtime      # DAGs    # Errors  Last Runtime    Last Run               Last # of DB Queries
------------------------  -----  ---------  --------  ----------  --------------  -------------------  ----------------------
/opt/airflow/dags/etl.py                           1           0  0.14s           2025-01-03T13:54:26                      12
================================================================================
[2025-01-03T13:55:00.760+0000] {manager.py:1008} INFO - 
================================================================================
DAG File Processing Stats

File Path                 PID    Runtime      # DAGs    # Errors  Last Runtime    Last Run               Last # of DB Queries
------------------------  -----  ---------  --------  ----------  --------------  -------------------  ----------------------
/opt/airflow/dags/etl.py                           1           0  0.10s           2025-01-03T13:54:56                      12
================================================================================
[2025-01-03T13:55:22.472+0000] {manager.py:468} INFO - Exiting gracefully upon receiving signal 15
